[2025-09-21T01:34:54.310Z] 错误: Attempted to use detached Frame 'B2C1EF118070935E68186857304B2E4F'.
堆栈跟踪: Error: Attempted to use detached Frame 'B2C1EF118070935E68186857304B2E4F'.
    at CdpFrame.<anonymous> (/Users/liqiang/Documents/Life/03-AI/992-WeChat-Web-Batch/wechat-mp-video-uploader-browser/node_modules/puppeteer-core/lib/cjs/puppeteer/util/decorators.js:107:23)
    at CdpPage.evaluate (/Users/liqiang/Documents/Life/03-AI/992-WeChat-Web-Batch/wechat-mp-video-uploader-browser/node_modules/puppeteer-core/lib/cjs/puppeteer/api/Page.js:822:43)
    at waitForLogin (/Users/liqiang/Documents/Life/03-AI/992-WeChat-Web-Batch/wechat-mp-video-uploader-browser/wechat-mp-puppeteer-controller.js:83:35)
    at async main (/Users/liqiang/Documents/Life/03-AI/992-WeChat-Web-Batch/wechat-mp-video-uploader-browser/wechat-mp-puppeteer-controller.js:623:26)
----------------------------------------
[2025-09-22T08:15:51.127Z] 错误: Navigating frame was detached
堆栈跟踪: Error: Navigating frame was detached
    at <instance_members_initializer> (/Users/liqiang/Documents/Life/03-AI/992-WeChat-Web-Batch/wechat-mp-video-uploader-browser/node_modules/puppeteer-core/lib/cjs/puppeteer/cdp/LifecycleWatcher.js:36:14)
    at new LifecycleWatcher (/Users/liqiang/Documents/Life/03-AI/992-WeChat-Web-Batch/wechat-mp-video-uploader-browser/node_modules/puppeteer-core/lib/cjs/puppeteer/cdp/LifecycleWatcher.js:40:16)
    at CdpFrame.goto (/Users/liqiang/Documents/Life/03-AI/992-WeChat-Web-Batch/wechat-mp-video-uploader-browser/node_modules/puppeteer-core/lib/cjs/puppeteer/cdp/Frame.js:149:29)
    at CdpFrame.<anonymous> (/Users/liqiang/Documents/Life/03-AI/992-WeChat-Web-Batch/wechat-mp-video-uploader-browser/node_modules/puppeteer-core/lib/cjs/puppeteer/util/decorators.js:109:27)
    at CdpPage.goto (/Users/liqiang/Documents/Life/03-AI/992-WeChat-Web-Batch/wechat-mp-video-uploader-browser/node_modules/puppeteer-core/lib/cjs/puppeteer/api/Page.js:574:43)
    at switchToAccount (/Users/liqiang/Documents/Life/03-AI/992-WeChat-Web-Batch/wechat-mp-video-uploader-browser/wechat-mp-puppeteer-controller.js:1117:20)
    at async handleAction (/Users/liqiang/Documents/Life/03-AI/992-WeChat-Web-Batch/wechat-mp-video-uploader-browser/wechat-mp-puppeteer-controller.js:799:13)
    at async Binding.<anonymous> (/Users/liqiang/Documents/Life/03-AI/992-WeChat-Web-Batch/wechat-mp-video-uploader-browser/wechat-mp-puppeteer-controller.js:690:17)
    at async Binding.run (/Users/liqiang/Documents/Life/03-AI/992-WeChat-Web-Batch/wechat-mp-video-uploader-browser/node_modules/puppeteer-core/lib/cjs/puppeteer/cdp/Binding.js:132:32)
    at async #onBindingCalled (/Users/liqiang/Documents/Life/03-AI/992-WeChat-Web-Batch/wechat-mp-video-uploader-browser/node_modules/puppeteer-core/lib/cjs/puppeteer/cdp/Page.js:637:9)
----------------------------------------
[2025-09-22T08:31:18.769Z] 错误: browser is not defined
堆栈跟踪: ReferenceError: browser is not defined
    at switchToAccount (/Users/liqiang/Documents/Life/03-AI/992-WeChat-Web-Batch/wechat-mp-video-uploader-browser/wechat-mp-puppeteer-controller.js:1378:36)
    at async handleAction (/Users/liqiang/Documents/Life/03-AI/992-WeChat-Web-Batch/wechat-mp-video-uploader-browser/wechat-mp-puppeteer-controller.js:811:13)
    at async Binding.<anonymous> (/Users/liqiang/Documents/Life/03-AI/992-WeChat-Web-Batch/wechat-mp-video-uploader-browser/wechat-mp-puppeteer-controller.js:704:17)
    at async Binding.run (/Users/liqiang/Documents/Life/03-AI/992-WeChat-Web-Batch/wechat-mp-video-uploader-browser/node_modules/puppeteer-core/lib/cjs/puppeteer/cdp/Binding.js:132:32)
    at async #onBindingCalled (/Users/liqiang/Documents/Life/03-AI/992-WeChat-Web-Batch/wechat-mp-video-uploader-browser/node_modules/puppeteer-core/lib/cjs/puppeteer/cdp/Page.js:637:9)
----------------------------------------
[2025-09-22T08:31:19.605Z] 错误: browser is not defined
堆栈跟踪: ReferenceError: browser is not defined
    at switchToAccount (/Users/liqiang/Documents/Life/03-AI/992-WeChat-Web-Batch/wechat-mp-video-uploader-browser/wechat-mp-puppeteer-controller.js:1378:36)
    at async handleAction (/Users/liqiang/Documents/Life/03-AI/992-WeChat-Web-Batch/wechat-mp-video-uploader-browser/wechat-mp-puppeteer-controller.js:811:13)
    at async Binding.<anonymous> (/Users/liqiang/Documents/Life/03-AI/992-WeChat-Web-Batch/wechat-mp-video-uploader-browser/wechat-mp-puppeteer-controller.js:704:17)
    at async Binding.run (/Users/liqiang/Documents/Life/03-AI/992-WeChat-Web-Batch/wechat-mp-video-uploader-browser/node_modules/puppeteer-core/lib/cjs/puppeteer/cdp/Binding.js:132:32)
    at async #onBindingCalled (/Users/liqiang/Documents/Life/03-AI/992-WeChat-Web-Batch/wechat-mp-video-uploader-browser/node_modules/puppeteer-core/lib/cjs/puppeteer/cdp/Page.js:637:9)
----------------------------------------
[2025-09-22T08:31:19.680Z] 错误: 启动浏览器在3次尝试后仍然失败: The browser is already running for /Users/liqiang/Documents/Life/03-AI/992-WeChat-Web-Batch/wechat-mp-video-uploader-browser/user-data/account_1758528057831_vy013q5iv. Use a different `userDataDir` or stop the running browser first.
堆栈跟踪: Error: 启动浏览器在3次尝试后仍然失败: The browser is already running for /Users/liqiang/Documents/Life/03-AI/992-WeChat-Web-Batch/wechat-mp-video-uploader-browser/user-data/account_1758528057831_vy013q5iv. Use a different `userDataDir` or stop the running browser first.
    at withRetry (/Users/liqiang/Documents/Life/03-AI/992-WeChat-Web-Batch/wechat-mp-video-uploader-browser/wechat-mp-puppeteer-controller.js:588:11)
    at process.processTicksAndRejections (node:internal/process/task_queues:105:5)
    at async switchToAccount (/Users/liqiang/Documents/Life/03-AI/992-WeChat-Web-Batch/wechat-mp-video-uploader-browser/wechat-mp-puppeteer-controller.js:1195:33)
    at async handleAction (/Users/liqiang/Documents/Life/03-AI/992-WeChat-Web-Batch/wechat-mp-video-uploader-browser/wechat-mp-puppeteer-controller.js:811:13)
    at async Binding.<anonymous> (/Users/liqiang/Documents/Life/03-AI/992-WeChat-Web-Batch/wechat-mp-video-uploader-browser/wechat-mp-puppeteer-controller.js:704:17)
    at async Binding.run (/Users/liqiang/Documents/Life/03-AI/992-WeChat-Web-Batch/wechat-mp-video-uploader-browser/node_modules/puppeteer-core/lib/cjs/puppeteer/cdp/Binding.js:132:32)
    at async #onBindingCalled (/Users/liqiang/Documents/Life/03-AI/992-WeChat-Web-Batch/wechat-mp-video-uploader-browser/node_modules/puppeteer-core/lib/cjs/puppeteer/cdp/Page.js:637:9)
----------------------------------------
[2025-09-22T08:31:20.512Z] 错误: 启动浏览器在3次尝试后仍然失败: The browser is already running for /Users/liqiang/Documents/Life/03-AI/992-WeChat-Web-Batch/wechat-mp-video-uploader-browser/user-data/account_1758528812900_55lwvwrk2. Use a different `userDataDir` or stop the running browser first.
堆栈跟踪: Error: 启动浏览器在3次尝试后仍然失败: The browser is already running for /Users/liqiang/Documents/Life/03-AI/992-WeChat-Web-Batch/wechat-mp-video-uploader-browser/user-data/account_1758528812900_55lwvwrk2. Use a different `userDataDir` or stop the running browser first.
    at withRetry (/Users/liqiang/Documents/Life/03-AI/992-WeChat-Web-Batch/wechat-mp-video-uploader-browser/wechat-mp-puppeteer-controller.js:588:11)
    at process.processTicksAndRejections (node:internal/process/task_queues:105:5)
    at async switchToAccount (/Users/liqiang/Documents/Life/03-AI/992-WeChat-Web-Batch/wechat-mp-video-uploader-browser/wechat-mp-puppeteer-controller.js:1195:33)
    at async handleAction (/Users/liqiang/Documents/Life/03-AI/992-WeChat-Web-Batch/wechat-mp-video-uploader-browser/wechat-mp-puppeteer-controller.js:811:13)
    at async Binding.<anonymous> (/Users/liqiang/Documents/Life/03-AI/992-WeChat-Web-Batch/wechat-mp-video-uploader-browser/wechat-mp-puppeteer-controller.js:704:17)
    at async Binding.run (/Users/liqiang/Documents/Life/03-AI/992-WeChat-Web-Batch/wechat-mp-video-uploader-browser/node_modules/puppeteer-core/lib/cjs/puppeteer/cdp/Binding.js:132:32)
    at async #onBindingCalled (/Users/liqiang/Documents/Life/03-AI/992-WeChat-Web-Batch/wechat-mp-video-uploader-browser/node_modules/puppeteer-core/lib/cjs/puppeteer/cdp/Page.js:637:9)
----------------------------------------
[2025-09-22T08:31:20.513Z] 错误: 启动浏览器在3次尝试后仍然失败: The browser is already running for /Users/liqiang/Documents/Life/03-AI/992-WeChat-Web-Batch/wechat-mp-video-uploader-browser/user-data/account_1758528812900_55lwvwrk2. Use a different `userDataDir` or stop the running browser first.
堆栈跟踪: Error: 启动浏览器在3次尝试后仍然失败: The browser is already running for /Users/liqiang/Documents/Life/03-AI/992-WeChat-Web-Batch/wechat-mp-video-uploader-browser/user-data/account_1758528812900_55lwvwrk2. Use a different `userDataDir` or stop the running browser first.
    at withRetry (/Users/liqiang/Documents/Life/03-AI/992-WeChat-Web-Batch/wechat-mp-video-uploader-browser/wechat-mp-puppeteer-controller.js:588:11)
    at process.processTicksAndRejections (node:internal/process/task_queues:105:5)
    at async switchToAccount (/Users/liqiang/Documents/Life/03-AI/992-WeChat-Web-Batch/wechat-mp-video-uploader-browser/wechat-mp-puppeteer-controller.js:1195:33)
    at async handleAction (/Users/liqiang/Documents/Life/03-AI/992-WeChat-Web-Batch/wechat-mp-video-uploader-browser/wechat-mp-puppeteer-controller.js:811:13)
    at async Binding.<anonymous> (/Users/liqiang/Documents/Life/03-AI/992-WeChat-Web-Batch/wechat-mp-video-uploader-browser/wechat-mp-puppeteer-controller.js:704:17)
    at async Binding.run (/Users/liqiang/Documents/Life/03-AI/992-WeChat-Web-Batch/wechat-mp-video-uploader-browser/node_modules/puppeteer-core/lib/cjs/puppeteer/cdp/Binding.js:132:32)
    at async #onBindingCalled (/Users/liqiang/Documents/Life/03-AI/992-WeChat-Web-Batch/wechat-mp-video-uploader-browser/node_modules/puppeteer-core/lib/cjs/puppeteer/cdp/Page.js:637:9)
----------------------------------------
[2025-09-22T08:31:27.740Z] 错误: 创建操作面板在3次尝试后仍然失败: Attempted to use detached Frame '0156CB89C6CEC530596F9EE18BBB4A90'.
堆栈跟踪: Error: 创建操作面板在3次尝试后仍然失败: Attempted to use detached Frame '0156CB89C6CEC530596F9EE18BBB4A90'.
    at withRetry (/Users/liqiang/Documents/Life/03-AI/992-WeChat-Web-Batch/wechat-mp-video-uploader-browser/wechat-mp-puppeteer-controller.js:588:11)
    at async switchToAccount (/Users/liqiang/Documents/Life/03-AI/992-WeChat-Web-Batch/wechat-mp-video-uploader-browser/wechat-mp-puppeteer-controller.js:1244:9)
    at async handleAction (/Users/liqiang/Documents/Life/03-AI/992-WeChat-Web-Batch/wechat-mp-video-uploader-browser/wechat-mp-puppeteer-controller.js:811:13)
    at async Binding.<anonymous> (/Users/liqiang/Documents/Life/03-AI/992-WeChat-Web-Batch/wechat-mp-video-uploader-browser/wechat-mp-puppeteer-controller.js:704:17)
    at async Binding.run (/Users/liqiang/Documents/Life/03-AI/992-WeChat-Web-Batch/wechat-mp-video-uploader-browser/node_modules/puppeteer-core/lib/cjs/puppeteer/cdp/Binding.js:132:32)
    at async #onBindingCalled (/Users/liqiang/Documents/Life/03-AI/992-WeChat-Web-Batch/wechat-mp-video-uploader-browser/node_modules/puppeteer-core/lib/cjs/puppeteer/cdp/Page.js:637:9)
----------------------------------------
[2025-09-22T08:46:59.375Z] 错误: browser is not defined
堆栈跟踪: ReferenceError: browser is not defined
    at switchToAccount (/Users/liqiang/Documents/Life/03-AI/992-WeChat-Web-Batch/wechat-mp-video-uploader-browser/wechat-mp-puppeteer-controller.js:1324:36)
    at async handleAction (/Users/liqiang/Documents/Life/03-AI/992-WeChat-Web-Batch/wechat-mp-video-uploader-browser/wechat-mp-puppeteer-controller.js:778:13)
    at async Binding.<anonymous> (/Users/liqiang/Documents/Life/03-AI/992-WeChat-Web-Batch/wechat-mp-video-uploader-browser/wechat-mp-puppeteer-controller.js:675:17)
    at async Binding.run (/Users/liqiang/Documents/Life/03-AI/992-WeChat-Web-Batch/wechat-mp-video-uploader-browser/node_modules/puppeteer-core/lib/cjs/puppeteer/cdp/Binding.js:132:32)
    at async #onBindingCalled (/Users/liqiang/Documents/Life/03-AI/992-WeChat-Web-Batch/wechat-mp-video-uploader-browser/node_modules/puppeteer-core/lib/cjs/puppeteer/cdp/Page.js:637:9)
----------------------------------------
[2025-09-22T09:09:51.778Z] 错误: Navigating frame was detached
堆栈跟踪: Error: Navigating frame was detached
    at <instance_members_initializer> (/Users/liqiang/Documents/Life/03-AI/992-WeChat-Web-Batch/wechat-mp-video-uploader-browser/node_modules/puppeteer-core/lib/cjs/puppeteer/cdp/LifecycleWatcher.js:36:14)
    at new LifecycleWatcher (/Users/liqiang/Documents/Life/03-AI/992-WeChat-Web-Batch/wechat-mp-video-uploader-browser/node_modules/puppeteer-core/lib/cjs/puppeteer/cdp/LifecycleWatcher.js:40:16)
    at CdpFrame.goto (/Users/liqiang/Documents/Life/03-AI/992-WeChat-Web-Batch/wechat-mp-video-uploader-browser/node_modules/puppeteer-core/lib/cjs/puppeteer/cdp/Frame.js:149:29)
    at CdpFrame.<anonymous> (/Users/liqiang/Documents/Life/03-AI/992-WeChat-Web-Batch/wechat-mp-video-uploader-browser/node_modules/puppeteer-core/lib/cjs/puppeteer/util/decorators.js:109:27)
    at CdpPage.goto (/Users/liqiang/Documents/Life/03-AI/992-WeChat-Web-Batch/wechat-mp-video-uploader-browser/node_modules/puppeteer-core/lib/cjs/puppeteer/api/Page.js:574:43)
    at switchToAccount (/Users/liqiang/Documents/Life/03-AI/992-WeChat-Web-Batch/wechat-mp-video-uploader-browser/wechat-mp-puppeteer-controller.js:1111:20)
    at async handleAction (/Users/liqiang/Documents/Life/03-AI/992-WeChat-Web-Batch/wechat-mp-video-uploader-browser/wechat-mp-puppeteer-controller.js:778:13)
    at async Binding.<anonymous> (/Users/liqiang/Documents/Life/03-AI/992-WeChat-Web-Batch/wechat-mp-video-uploader-browser/wechat-mp-puppeteer-controller.js:675:17)
    at async Binding.run (/Users/liqiang/Documents/Life/03-AI/992-WeChat-Web-Batch/wechat-mp-video-uploader-browser/node_modules/puppeteer-core/lib/cjs/puppeteer/cdp/Binding.js:132:32)
    at async #onBindingCalled (/Users/liqiang/Documents/Life/03-AI/992-WeChat-Web-Batch/wechat-mp-video-uploader-browser/node_modules/puppeteer-core/lib/cjs/puppeteer/cdp/Page.js:637:9)
----------------------------------------
[2025-09-22T09:09:56.516Z] 错误: Cannot read properties of null (reading 'close')
堆栈跟踪: TypeError: Cannot read properties of null (reading 'close')
    at switchToAccount (/Users/liqiang/Documents/Life/03-AI/992-WeChat-Web-Batch/wechat-mp-video-uploader-browser/wechat-mp-puppeteer-controller.js:1124:37)
    at async handleAction (/Users/liqiang/Documents/Life/03-AI/992-WeChat-Web-Batch/wechat-mp-video-uploader-browser/wechat-mp-puppeteer-controller.js:778:13)
    at async Binding.<anonymous> (/Users/liqiang/Documents/Life/03-AI/992-WeChat-Web-Batch/wechat-mp-video-uploader-browser/wechat-mp-puppeteer-controller.js:675:17)
    at async Binding.run (/Users/liqiang/Documents/Life/03-AI/992-WeChat-Web-Batch/wechat-mp-video-uploader-browser/node_modules/puppeteer-core/lib/cjs/puppeteer/cdp/Binding.js:132:32)
    at async #onBindingCalled (/Users/liqiang/Documents/Life/03-AI/992-WeChat-Web-Batch/wechat-mp-video-uploader-browser/node_modules/puppeteer-core/lib/cjs/puppeteer/cdp/Page.js:637:9)
----------------------------------------
[2025-09-22T09:10:00.536Z] 错误: Cannot read properties of null (reading 'close')
堆栈跟踪: TypeError: Cannot read properties of null (reading 'close')
    at switchToAccount (/Users/liqiang/Documents/Life/03-AI/992-WeChat-Web-Batch/wechat-mp-video-uploader-browser/wechat-mp-puppeteer-controller.js:1124:37)
    at async handleAction (/Users/liqiang/Documents/Life/03-AI/992-WeChat-Web-Batch/wechat-mp-video-uploader-browser/wechat-mp-puppeteer-controller.js:778:13)
    at async Binding.<anonymous> (/Users/liqiang/Documents/Life/03-AI/992-WeChat-Web-Batch/wechat-mp-video-uploader-browser/wechat-mp-puppeteer-controller.js:675:17)
    at async Binding.run (/Users/liqiang/Documents/Life/03-AI/992-WeChat-Web-Batch/wechat-mp-video-uploader-browser/node_modules/puppeteer-core/lib/cjs/puppeteer/cdp/Binding.js:132:32)
    at async #onBindingCalled (/Users/liqiang/Documents/Life/03-AI/992-WeChat-Web-Batch/wechat-mp-video-uploader-browser/node_modules/puppeteer-core/lib/cjs/puppeteer/cdp/Page.js:637:9)
----------------------------------------
[2025-09-22T09:13:11.833Z] 错误: Navigating frame was detached
堆栈跟踪: Error: Navigating frame was detached
    at <instance_members_initializer> (/Users/liqiang/Documents/Life/03-AI/992-WeChat-Web-Batch/wechat-mp-video-uploader-browser/node_modules/puppeteer-core/lib/cjs/puppeteer/cdp/LifecycleWatcher.js:36:14)
    at new LifecycleWatcher (/Users/liqiang/Documents/Life/03-AI/992-WeChat-Web-Batch/wechat-mp-video-uploader-browser/node_modules/puppeteer-core/lib/cjs/puppeteer/cdp/LifecycleWatcher.js:40:16)
    at CdpFrame.goto (/Users/liqiang/Documents/Life/03-AI/992-WeChat-Web-Batch/wechat-mp-video-uploader-browser/node_modules/puppeteer-core/lib/cjs/puppeteer/cdp/Frame.js:149:29)
    at CdpFrame.<anonymous> (/Users/liqiang/Documents/Life/03-AI/992-WeChat-Web-Batch/wechat-mp-video-uploader-browser/node_modules/puppeteer-core/lib/cjs/puppeteer/util/decorators.js:109:27)
    at CdpPage.goto (/Users/liqiang/Documents/Life/03-AI/992-WeChat-Web-Batch/wechat-mp-video-uploader-browser/node_modules/puppeteer-core/lib/cjs/puppeteer/api/Page.js:574:43)
    at switchToAccount (/Users/liqiang/Documents/Life/03-AI/992-WeChat-Web-Batch/wechat-mp-video-uploader-browser/wechat-mp-puppeteer-controller.js:1111:20)
    at async handleAction (/Users/liqiang/Documents/Life/03-AI/992-WeChat-Web-Batch/wechat-mp-video-uploader-browser/wechat-mp-puppeteer-controller.js:778:13)
    at async Binding.<anonymous> (/Users/liqiang/Documents/Life/03-AI/992-WeChat-Web-Batch/wechat-mp-video-uploader-browser/wechat-mp-puppeteer-controller.js:675:17)
    at async Binding.run (/Users/liqiang/Documents/Life/03-AI/992-WeChat-Web-Batch/wechat-mp-video-uploader-browser/node_modules/puppeteer-core/lib/cjs/puppeteer/cdp/Binding.js:132:32)
    at async #onBindingCalled (/Users/liqiang/Documents/Life/03-AI/992-WeChat-Web-Batch/wechat-mp-video-uploader-browser/node_modules/puppeteer-core/lib/cjs/puppeteer/cdp/Page.js:637:9)
----------------------------------------
[2025-09-23T03:30:49.002Z] 错误: 启动浏览器在3次尝试后仍然失败: The browser is already running for /Users/liqiang/Documents/Life/03-AI/992-WeChat-Web-Batch/wechat-mp-video-uploader-browser/user-data/account_1758596049808_e5a0r62wa. Use a different `userDataDir` or stop the running browser first.
堆栈跟踪: Error: 启动浏览器在3次尝试后仍然失败: The browser is already running for /Users/liqiang/Documents/Life/03-AI/992-WeChat-Web-Batch/wechat-mp-video-uploader-browser/user-data/account_1758596049808_e5a0r62wa. Use a different `userDataDir` or stop the running browser first.
    at withRetry (/Users/liqiang/Documents/Life/03-AI/992-WeChat-Web-Batch/wechat-mp-video-uploader-browser/wechat-mp-puppeteer-controller.js:588:11)
    at process.processTicksAndRejections (node:internal/process/task_queues:105:5)
    at async switchToAccount (/Users/liqiang/Documents/Life/03-AI/992-WeChat-Web-Batch/wechat-mp-video-uploader-browser/wechat-mp-puppeteer-controller.js:1142:25)
    at async handleAction (/Users/liqiang/Documents/Life/03-AI/992-WeChat-Web-Batch/wechat-mp-video-uploader-browser/wechat-mp-puppeteer-controller.js:835:13)
    at async Binding.<anonymous> (/Users/liqiang/Documents/Life/03-AI/992-WeChat-Web-Batch/wechat-mp-video-uploader-browser/wechat-mp-puppeteer-controller.js:692:17)
    at async Binding.run (/Users/liqiang/Documents/Life/03-AI/992-WeChat-Web-Batch/wechat-mp-video-uploader-browser/node_modules/puppeteer-core/lib/cjs/puppeteer/cdp/Binding.js:132:32)
    at async #onBindingCalled (/Users/liqiang/Documents/Life/03-AI/992-WeChat-Web-Batch/wechat-mp-video-uploader-browser/node_modules/puppeteer-core/lib/cjs/puppeteer/cdp/Page.js:637:9)
----------------------------------------
[2025-09-23T03:30:51.106Z] 错误: 启动浏览器在3次尝试后仍然失败: The browser is already running for /Users/liqiang/Documents/Life/03-AI/992-WeChat-Web-Batch/wechat-mp-video-uploader-browser/user-data/account_1758596049808_e5a0r62wa. Use a different `userDataDir` or stop the running browser first.
堆栈跟踪: Error: 启动浏览器在3次尝试后仍然失败: The browser is already running for /Users/liqiang/Documents/Life/03-AI/992-WeChat-Web-Batch/wechat-mp-video-uploader-browser/user-data/account_1758596049808_e5a0r62wa. Use a different `userDataDir` or stop the running browser first.
    at withRetry (/Users/liqiang/Documents/Life/03-AI/992-WeChat-Web-Batch/wechat-mp-video-uploader-browser/wechat-mp-puppeteer-controller.js:588:11)
    at process.processTicksAndRejections (node:internal/process/task_queues:105:5)
    at async switchToAccount (/Users/liqiang/Documents/Life/03-AI/992-WeChat-Web-Batch/wechat-mp-video-uploader-browser/wechat-mp-puppeteer-controller.js:1142:25)
    at async handleAction (/Users/liqiang/Documents/Life/03-AI/992-WeChat-Web-Batch/wechat-mp-video-uploader-browser/wechat-mp-puppeteer-controller.js:835:13)
    at async Binding.<anonymous> (/Users/liqiang/Documents/Life/03-AI/992-WeChat-Web-Batch/wechat-mp-video-uploader-browser/wechat-mp-puppeteer-controller.js:692:17)
    at async Binding.run (/Users/liqiang/Documents/Life/03-AI/992-WeChat-Web-Batch/wechat-mp-video-uploader-browser/node_modules/puppeteer-core/lib/cjs/puppeteer/cdp/Binding.js:132:32)
    at async #onBindingCalled (/Users/liqiang/Documents/Life/03-AI/992-WeChat-Web-Batch/wechat-mp-video-uploader-browser/node_modules/puppeteer-core/lib/cjs/puppeteer/cdp/Page.js:637:9)
----------------------------------------
[2025-09-23T03:36:49.239Z] 错误: Navigation timeout of 30000 ms exceeded
堆栈跟踪: TimeoutError: Navigation timeout of 30000 ms exceeded
    at new Deferred (/Users/liqiang/Documents/Life/03-AI/992-WeChat-Web-Batch/wechat-mp-video-uploader-browser/node_modules/puppeteer-core/lib/cjs/puppeteer/util/Deferred.js:60:34)
    at Deferred.create (/Users/liqiang/Documents/Life/03-AI/992-WeChat-Web-Batch/wechat-mp-video-uploader-browser/node_modules/puppeteer-core/lib/cjs/puppeteer/util/Deferred.js:21:16)
    at new LifecycleWatcher (/Users/liqiang/Documents/Life/03-AI/992-WeChat-Web-Batch/wechat-mp-video-uploader-browser/node_modules/puppeteer-core/lib/cjs/puppeteer/cdp/LifecycleWatcher.js:73:60)
    at CdpFrame.goto (/Users/liqiang/Documents/Life/03-AI/992-WeChat-Web-Batch/wechat-mp-video-uploader-browser/node_modules/puppeteer-core/lib/cjs/puppeteer/cdp/Frame.js:149:29)
    at CdpFrame.<anonymous> (/Users/liqiang/Documents/Life/03-AI/992-WeChat-Web-Batch/wechat-mp-video-uploader-browser/node_modules/puppeteer-core/lib/cjs/puppeteer/util/decorators.js:109:27)
    at CdpPage.goto (/Users/liqiang/Documents/Life/03-AI/992-WeChat-Web-Batch/wechat-mp-video-uploader-browser/node_modules/puppeteer-core/lib/cjs/puppeteer/api/Page.js:574:43)
    at switchToAccount (/Users/liqiang/Documents/Life/03-AI/992-WeChat-Web-Batch/wechat-mp-video-uploader-browser/wechat-mp-puppeteer-controller.js:1167:20)
    at async handleAction (/Users/liqiang/Documents/Life/03-AI/992-WeChat-Web-Batch/wechat-mp-video-uploader-browser/wechat-mp-puppeteer-controller.js:835:13)
    at async Binding.<anonymous> (/Users/liqiang/Documents/Life/03-AI/992-WeChat-Web-Batch/wechat-mp-video-uploader-browser/wechat-mp-puppeteer-controller.js:692:17)
    at async Binding.run (/Users/liqiang/Documents/Life/03-AI/992-WeChat-Web-Batch/wechat-mp-video-uploader-browser/node_modules/puppeteer-core/lib/cjs/puppeteer/cdp/Binding.js:132:32)
----------------------------------------
[2025-10-01T13:25:15.818Z] 错误: 启动浏览器在3次尝试后仍然失败: The browser is already running for /Users/liqiang/Documents/Life/03-AI/992-WeChat-Web-Batch/wechat-mp-video-uploader-browser/user-data/account_1758596049808_e5a0r62wa. Use a different `userDataDir` or stop the running browser first.
堆栈跟踪: Error: 启动浏览器在3次尝试后仍然失败: The browser is already running for /Users/liqiang/Documents/Life/03-AI/992-WeChat-Web-Batch/wechat-mp-video-uploader-browser/user-data/account_1758596049808_e5a0r62wa. Use a different `userDataDir` or stop the running browser first.
    at withRetry (/Users/liqiang/Documents/Life/03-AI/992-WeChat-Web-Batch/wechat-mp-video-uploader-browser/wechat-mp-puppeteer-controller.js:587:11)
    at process.processTicksAndRejections (node:internal/process/task_queues:105:5)
    at async switchToAccount (/Users/liqiang/Documents/Life/03-AI/992-WeChat-Web-Batch/wechat-mp-video-uploader-browser/wechat-mp-puppeteer-controller.js:1141:25)
    at async handleAction (/Users/liqiang/Documents/Life/03-AI/992-WeChat-Web-Batch/wechat-mp-video-uploader-browser/wechat-mp-puppeteer-controller.js:834:13)
    at async Binding.<anonymous> (/Users/liqiang/Documents/Life/03-AI/992-WeChat-Web-Batch/wechat-mp-video-uploader-browser/wechat-mp-puppeteer-controller.js:691:17)
    at async Binding.run (/Users/liqiang/Documents/Life/03-AI/992-WeChat-Web-Batch/wechat-mp-video-uploader-browser/node_modules/puppeteer-core/lib/cjs/puppeteer/cdp/Binding.js:132:32)
    at async #onBindingCalled (/Users/liqiang/Documents/Life/03-AI/992-WeChat-Web-Batch/wechat-mp-video-uploader-browser/node_modules/puppeteer-core/lib/cjs/puppeteer/cdp/Page.js:637:9)
----------------------------------------
[2025-10-01T13:27:37.459Z] 错误: Navigating frame was detached
堆栈跟踪: Error: Navigating frame was detached
    at <instance_members_initializer> (/Users/liqiang/Documents/Life/03-AI/992-WeChat-Web-Batch/wechat-mp-video-uploader-browser/node_modules/puppeteer-core/lib/cjs/puppeteer/cdp/LifecycleWatcher.js:36:14)
    at new LifecycleWatcher (/Users/liqiang/Documents/Life/03-AI/992-WeChat-Web-Batch/wechat-mp-video-uploader-browser/node_modules/puppeteer-core/lib/cjs/puppeteer/cdp/LifecycleWatcher.js:40:16)
    at CdpFrame.goto (/Users/liqiang/Documents/Life/03-AI/992-WeChat-Web-Batch/wechat-mp-video-uploader-browser/node_modules/puppeteer-core/lib/cjs/puppeteer/cdp/Frame.js:149:29)
    at CdpFrame.<anonymous> (/Users/liqiang/Documents/Life/03-AI/992-WeChat-Web-Batch/wechat-mp-video-uploader-browser/node_modules/puppeteer-core/lib/cjs/puppeteer/util/decorators.js:109:27)
    at CdpPage.goto (/Users/liqiang/Documents/Life/03-AI/992-WeChat-Web-Batch/wechat-mp-video-uploader-browser/node_modules/puppeteer-core/lib/cjs/puppeteer/api/Page.js:574:43)
    at switchToAccount (/Users/liqiang/Documents/Life/03-AI/992-WeChat-Web-Batch/wechat-mp-video-uploader-browser/wechat-mp-puppeteer-controller.js:1164:20)
    at async handleAction (/Users/liqiang/Documents/Life/03-AI/992-WeChat-Web-Batch/wechat-mp-video-uploader-browser/wechat-mp-puppeteer-controller.js:832:13)
    at async Binding.<anonymous> (/Users/liqiang/Documents/Life/03-AI/992-WeChat-Web-Batch/wechat-mp-video-uploader-browser/wechat-mp-puppeteer-controller.js:689:17)
    at async Binding.run (/Users/liqiang/Documents/Life/03-AI/992-WeChat-Web-Batch/wechat-mp-video-uploader-browser/node_modules/puppeteer-core/lib/cjs/puppeteer/cdp/Binding.js:132:32)
    at async #onBindingCalled (/Users/liqiang/Documents/Life/03-AI/992-WeChat-Web-Batch/wechat-mp-video-uploader-browser/node_modules/puppeteer-core/lib/cjs/puppeteer/cdp/Page.js:637:9)
----------------------------------------
[2025-10-02T07:30:50.574Z] 错误: Attempted to use detached Frame '43D54C7A700D1CE91AC10125B9CA84EB'.
堆栈跟踪: Error: Attempted to use detached Frame '43D54C7A700D1CE91AC10125B9CA84EB'.
    at CdpFrame.<anonymous> (/Users/liqiang/Documents/Life/03-AI/992-WeChat-Web-Batch/wechat-mp-video-uploader-browser/node_modules/puppeteer-core/lib/cjs/puppeteer/util/decorators.js:107:23)
    at CdpPage.goto (/Users/liqiang/Documents/Life/03-AI/992-WeChat-Web-Batch/wechat-mp-video-uploader-browser/node_modules/puppeteer-core/lib/cjs/puppeteer/api/Page.js:574:43)
    at addNewAccount (/Users/liqiang/Documents/Life/03-AI/992-WeChat-Web-Batch/wechat-mp-video-uploader-browser/wechat-mp-puppeteer-controller.js:910:20)
    at process.processTicksAndRejections (node:internal/process/task_queues:105:5)
    at async Binding.<anonymous> (/Users/liqiang/Documents/Life/03-AI/992-WeChat-Web-Batch/wechat-mp-video-uploader-browser/wechat-mp-puppeteer-controller.js:667:17)
    at async Binding.run (/Users/liqiang/Documents/Life/03-AI/992-WeChat-Web-Batch/wechat-mp-video-uploader-browser/node_modules/puppeteer-core/lib/cjs/puppeteer/cdp/Binding.js:132:32)
    at async #onBindingCalled (/Users/liqiang/Documents/Life/03-AI/992-WeChat-Web-Batch/wechat-mp-video-uploader-browser/node_modules/puppeteer-core/lib/cjs/puppeteer/cdp/Page.js:637:9)
----------------------------------------
[2025-10-02T07:32:35.438Z] 错误: 启动浏览器在3次尝试后仍然失败: The browser is already running for /Users/liqiang/Documents/Life/03-AI/992-WeChat-Web-Batch/wechat-mp-video-uploader-browser/user-data/account_1759390263414_au97mmvr6. Use a different `userDataDir` or stop the running browser first.
堆栈跟踪: Error: 启动浏览器在3次尝试后仍然失败: The browser is already running for /Users/liqiang/Documents/Life/03-AI/992-WeChat-Web-Batch/wechat-mp-video-uploader-browser/user-data/account_1759390263414_au97mmvr6. Use a different `userDataDir` or stop the running browser first.
    at withRetry (/Users/liqiang/Documents/Life/03-AI/992-WeChat-Web-Batch/wechat-mp-video-uploader-browser/wechat-mp-puppeteer-controller.js:587:11)
    at process.processTicksAndRejections (node:internal/process/task_queues:105:5)
    at async switchToAccount (/Users/liqiang/Documents/Life/03-AI/992-WeChat-Web-Batch/wechat-mp-video-uploader-browser/wechat-mp-puppeteer-controller.js:1141:25)
    at async handleAction (/Users/liqiang/Documents/Life/03-AI/992-WeChat-Web-Batch/wechat-mp-video-uploader-browser/wechat-mp-puppeteer-controller.js:834:13)
    at async Binding.<anonymous> (/Users/liqiang/Documents/Life/03-AI/992-WeChat-Web-Batch/wechat-mp-video-uploader-browser/wechat-mp-puppeteer-controller.js:691:17)
    at async Binding.run (/Users/liqiang/Documents/Life/03-AI/992-WeChat-Web-Batch/wechat-mp-video-uploader-browser/node_modules/puppeteer-core/lib/cjs/puppeteer/cdp/Binding.js:132:32)
    at async #onBindingCalled (/Users/liqiang/Documents/Life/03-AI/992-WeChat-Web-Batch/wechat-mp-video-uploader-browser/node_modules/puppeteer-core/lib/cjs/puppeteer/cdp/Page.js:637:9)
----------------------------------------
[2025-10-02T07:32:38.913Z] 错误: 启动浏览器在3次尝试后仍然失败: The browser is already running for /Users/liqiang/Documents/Life/03-AI/992-WeChat-Web-Batch/wechat-mp-video-uploader-browser/user-data/account_1759390263414_au97mmvr6. Use a different `userDataDir` or stop the running browser first.
堆栈跟踪: Error: 启动浏览器在3次尝试后仍然失败: The browser is already running for /Users/liqiang/Documents/Life/03-AI/992-WeChat-Web-Batch/wechat-mp-video-uploader-browser/user-data/account_1759390263414_au97mmvr6. Use a different `userDataDir` or stop the running browser first.
    at withRetry (/Users/liqiang/Documents/Life/03-AI/992-WeChat-Web-Batch/wechat-mp-video-uploader-browser/wechat-mp-puppeteer-controller.js:587:11)
    at process.processTicksAndRejections (node:internal/process/task_queues:105:5)
    at async switchToAccount (/Users/liqiang/Documents/Life/03-AI/992-WeChat-Web-Batch/wechat-mp-video-uploader-browser/wechat-mp-puppeteer-controller.js:1141:25)
    at async handleAction (/Users/liqiang/Documents/Life/03-AI/992-WeChat-Web-Batch/wechat-mp-video-uploader-browser/wechat-mp-puppeteer-controller.js:834:13)
    at async Binding.<anonymous> (/Users/liqiang/Documents/Life/03-AI/992-WeChat-Web-Batch/wechat-mp-video-uploader-browser/wechat-mp-puppeteer-controller.js:691:17)
    at async Binding.run (/Users/liqiang/Documents/Life/03-AI/992-WeChat-Web-Batch/wechat-mp-video-uploader-browser/node_modules/puppeteer-core/lib/cjs/puppeteer/cdp/Binding.js:132:32)
    at async #onBindingCalled (/Users/liqiang/Documents/Life/03-AI/992-WeChat-Web-Batch/wechat-mp-video-uploader-browser/node_modules/puppeteer-core/lib/cjs/puppeteer/cdp/Page.js:637:9)
----------------------------------------
[2025-10-02T14:28:14.586Z] 错误: 启动浏览器在3次尝试后仍然失败: The browser is already running for /Users/liqiang/Documents/Life/03-AI/992-WeChat-Web-Batch/wechat-mp-video-uploader-browser/user-data/account_1759415250343_r7lxzvefu. Use a different `userDataDir` or stop the running browser first.
堆栈跟踪: Error: 启动浏览器在3次尝试后仍然失败: The browser is already running for /Users/liqiang/Documents/Life/03-AI/992-WeChat-Web-Batch/wechat-mp-video-uploader-browser/user-data/account_1759415250343_r7lxzvefu. Use a different `userDataDir` or stop the running browser first.
    at withRetry (/Users/liqiang/Documents/Life/03-AI/992-WeChat-Web-Batch/wechat-mp-video-uploader-browser/wechat-mp-puppeteer-controller.js:587:11)
    at process.processTicksAndRejections (node:internal/process/task_queues:105:5)
    at async switchToAccount (/Users/liqiang/Documents/Life/03-AI/992-WeChat-Web-Batch/wechat-mp-video-uploader-browser/wechat-mp-puppeteer-controller.js:1148:25)
    at async handleAction (/Users/liqiang/Documents/Life/03-AI/992-WeChat-Web-Batch/wechat-mp-video-uploader-browser/wechat-mp-puppeteer-controller.js:850:13)
    at async Binding.<anonymous> (/Users/liqiang/Documents/Life/03-AI/992-WeChat-Web-Batch/wechat-mp-video-uploader-browser/wechat-mp-puppeteer-controller.js:691:17)
    at async Binding.run (/Users/liqiang/Documents/Life/03-AI/992-WeChat-Web-Batch/wechat-mp-video-uploader-browser/node_modules/puppeteer-core/lib/cjs/puppeteer/cdp/Binding.js:132:32)
    at async #onBindingCalled (/Users/liqiang/Documents/Life/03-AI/992-WeChat-Web-Batch/wechat-mp-video-uploader-browser/node_modules/puppeteer-core/lib/cjs/puppeteer/cdp/Page.js:637:9)
----------------------------------------
[2025-10-02T14:28:20.475Z] 错误: 启动浏览器在3次尝试后仍然失败: The browser is already running for /Users/liqiang/Documents/Life/03-AI/992-WeChat-Web-Batch/wechat-mp-video-uploader-browser/user-data/account_1759415250343_r7lxzvefu. Use a different `userDataDir` or stop the running browser first.
堆栈跟踪: Error: 启动浏览器在3次尝试后仍然失败: The browser is already running for /Users/liqiang/Documents/Life/03-AI/992-WeChat-Web-Batch/wechat-mp-video-uploader-browser/user-data/account_1759415250343_r7lxzvefu. Use a different `userDataDir` or stop the running browser first.
    at withRetry (/Users/liqiang/Documents/Life/03-AI/992-WeChat-Web-Batch/wechat-mp-video-uploader-browser/wechat-mp-puppeteer-controller.js:587:11)
    at process.processTicksAndRejections (node:internal/process/task_queues:105:5)
    at async switchToAccount (/Users/liqiang/Documents/Life/03-AI/992-WeChat-Web-Batch/wechat-mp-video-uploader-browser/wechat-mp-puppeteer-controller.js:1148:25)
    at async handleAction (/Users/liqiang/Documents/Life/03-AI/992-WeChat-Web-Batch/wechat-mp-video-uploader-browser/wechat-mp-puppeteer-controller.js:850:13)
    at async Binding.<anonymous> (/Users/liqiang/Documents/Life/03-AI/992-WeChat-Web-Batch/wechat-mp-video-uploader-browser/wechat-mp-puppeteer-controller.js:691:17)
    at async Binding.run (/Users/liqiang/Documents/Life/03-AI/992-WeChat-Web-Batch/wechat-mp-video-uploader-browser/node_modules/puppeteer-core/lib/cjs/puppeteer/cdp/Binding.js:132:32)
    at async #onBindingCalled (/Users/liqiang/Documents/Life/03-AI/992-WeChat-Web-Batch/wechat-mp-video-uploader-browser/node_modules/puppeteer-core/lib/cjs/puppeteer/cdp/Page.js:637:9)
----------------------------------------
[2025-10-03T09:29:46.155Z] 错误: 启动浏览器在3次尝试后仍然失败: The browser is already running for /Users/liqiang/Documents/Life/03-AI/992-WeChat-Web-Batch/wechat-mp-video-uploader-browser/user-data/account_1759390658192_0qrpb6sle. Use a different `userDataDir` or stop the running browser first.
堆栈跟踪: Error: 启动浏览器在3次尝试后仍然失败: The browser is already running for /Users/liqiang/Documents/Life/03-AI/992-WeChat-Web-Batch/wechat-mp-video-uploader-browser/user-data/account_1759390658192_0qrpb6sle. Use a different `userDataDir` or stop the running browser first.
    at withRetry (/Users/liqiang/Documents/Life/03-AI/992-WeChat-Web-Batch/wechat-mp-video-uploader-browser/wechat-mp-puppeteer-controller.js:589:11)
    at process.processTicksAndRejections (node:internal/process/task_queues:105:5)
    at async switchToAccount (/Users/liqiang/Documents/Life/03-AI/992-WeChat-Web-Batch/wechat-mp-video-uploader-browser/wechat-mp-puppeteer-controller.js:1150:25)
    at async handleAction (/Users/liqiang/Documents/Life/03-AI/992-WeChat-Web-Batch/wechat-mp-video-uploader-browser/wechat-mp-puppeteer-controller.js:852:13)
    at async Binding.<anonymous> (/Users/liqiang/Documents/Life/03-AI/992-WeChat-Web-Batch/wechat-mp-video-uploader-browser/wechat-mp-puppeteer-controller.js:693:17)
    at async Binding.run (/Users/liqiang/Documents/Life/03-AI/992-WeChat-Web-Batch/wechat-mp-video-uploader-browser/node_modules/puppeteer-core/lib/cjs/puppeteer/cdp/Binding.js:132:32)
    at async #onBindingCalled (/Users/liqiang/Documents/Life/03-AI/992-WeChat-Web-Batch/wechat-mp-video-uploader-browser/node_modules/puppeteer-core/lib/cjs/puppeteer/cdp/Page.js:637:9)
----------------------------------------
[2025-10-03T09:29:46.836Z] 错误: 启动浏览器在3次尝试后仍然失败: The browser is already running for /Users/liqiang/Documents/Life/03-AI/992-WeChat-Web-Batch/wechat-mp-video-uploader-browser/user-data/account_1759390658192_0qrpb6sle. Use a different `userDataDir` or stop the running browser first.
堆栈跟踪: Error: 启动浏览器在3次尝试后仍然失败: The browser is already running for /Users/liqiang/Documents/Life/03-AI/992-WeChat-Web-Batch/wechat-mp-video-uploader-browser/user-data/account_1759390658192_0qrpb6sle. Use a different `userDataDir` or stop the running browser first.
    at withRetry (/Users/liqiang/Documents/Life/03-AI/992-WeChat-Web-Batch/wechat-mp-video-uploader-browser/wechat-mp-puppeteer-controller.js:589:11)
    at process.processTicksAndRejections (node:internal/process/task_queues:105:5)
    at async switchToAccount (/Users/liqiang/Documents/Life/03-AI/992-WeChat-Web-Batch/wechat-mp-video-uploader-browser/wechat-mp-puppeteer-controller.js:1150:25)
    at async handleAction (/Users/liqiang/Documents/Life/03-AI/992-WeChat-Web-Batch/wechat-mp-video-uploader-browser/wechat-mp-puppeteer-controller.js:852:13)
    at async Binding.<anonymous> (/Users/liqiang/Documents/Life/03-AI/992-WeChat-Web-Batch/wechat-mp-video-uploader-browser/wechat-mp-puppeteer-controller.js:693:17)
    at async Binding.run (/Users/liqiang/Documents/Life/03-AI/992-WeChat-Web-Batch/wechat-mp-video-uploader-browser/node_modules/puppeteer-core/lib/cjs/puppeteer/cdp/Binding.js:132:32)
    at async #onBindingCalled (/Users/liqiang/Documents/Life/03-AI/992-WeChat-Web-Batch/wechat-mp-video-uploader-browser/node_modules/puppeteer-core/lib/cjs/puppeteer/cdp/Page.js:637:9)
----------------------------------------
[2025-10-03T09:51:52.941Z] 错误: net::ERR_NETWORK_CHANGED at https://mp.weixin.qq.com/
堆栈跟踪: Error: net::ERR_NETWORK_CHANGED at https://mp.weixin.qq.com/
    at navigate (/Users/liqiang/Documents/Life/03-AI/992-WeChat-Web-Batch/wechat-mp-video-uploader-browser/node_modules/puppeteer-core/lib/cjs/puppeteer/cdp/Frame.js:184:27)
    at async Deferred.race (/Users/liqiang/Documents/Life/03-AI/992-WeChat-Web-Batch/wechat-mp-video-uploader-browser/node_modules/puppeteer-core/lib/cjs/puppeteer/util/Deferred.js:36:20)
    at async CdpFrame.goto (/Users/liqiang/Documents/Life/03-AI/992-WeChat-Web-Batch/wechat-mp-video-uploader-browser/node_modules/puppeteer-core/lib/cjs/puppeteer/cdp/Frame.js:150:25)
    at async CdpPage.goto (/Users/liqiang/Documents/Life/03-AI/992-WeChat-Web-Batch/wechat-mp-video-uploader-browser/node_modules/puppeteer-core/lib/cjs/puppeteer/api/Page.js:574:20)
    at async switchToAccount (/Users/liqiang/Documents/Life/03-AI/992-WeChat-Web-Batch/wechat-mp-video-uploader-browser/wechat-mp-puppeteer-controller.js:1020:9)
    at async handleAction (/Users/liqiang/Documents/Life/03-AI/992-WeChat-Web-Batch/wechat-mp-video-uploader-browser/wechat-mp-puppeteer-controller.js:697:13)
    at async Binding.<anonymous> (/Users/liqiang/Documents/Life/03-AI/992-WeChat-Web-Batch/wechat-mp-video-uploader-browser/wechat-mp-puppeteer-controller.js:538:17)
    at async Binding.run (/Users/liqiang/Documents/Life/03-AI/992-WeChat-Web-Batch/wechat-mp-video-uploader-browser/node_modules/puppeteer-core/lib/cjs/puppeteer/cdp/Binding.js:132:32)
    at async #onBindingCalled (/Users/liqiang/Documents/Life/03-AI/992-WeChat-Web-Batch/wechat-mp-video-uploader-browser/node_modules/puppeteer-core/lib/cjs/puppeteer/cdp/Page.js:637:9)
----------------------------------------
[2025-10-03T09:52:08.582Z] 错误: net::ERR_NETWORK_CHANGED at https://mp.weixin.qq.com/
堆栈跟踪: Error: net::ERR_NETWORK_CHANGED at https://mp.weixin.qq.com/
    at navigate (/Users/liqiang/Documents/Life/03-AI/992-WeChat-Web-Batch/wechat-mp-video-uploader-browser/node_modules/puppeteer-core/lib/cjs/puppeteer/cdp/Frame.js:184:27)
    at async Deferred.race (/Users/liqiang/Documents/Life/03-AI/992-WeChat-Web-Batch/wechat-mp-video-uploader-browser/node_modules/puppeteer-core/lib/cjs/puppeteer/util/Deferred.js:36:20)
    at async CdpFrame.goto (/Users/liqiang/Documents/Life/03-AI/992-WeChat-Web-Batch/wechat-mp-video-uploader-browser/node_modules/puppeteer-core/lib/cjs/puppeteer/cdp/Frame.js:150:25)
    at async CdpPage.goto (/Users/liqiang/Documents/Life/03-AI/992-WeChat-Web-Batch/wechat-mp-video-uploader-browser/node_modules/puppeteer-core/lib/cjs/puppeteer/api/Page.js:574:20)
    at async switchToAccount (/Users/liqiang/Documents/Life/03-AI/992-WeChat-Web-Batch/wechat-mp-video-uploader-browser/wechat-mp-puppeteer-controller.js:1020:9)
    at async handleAction (/Users/liqiang/Documents/Life/03-AI/992-WeChat-Web-Batch/wechat-mp-video-uploader-browser/wechat-mp-puppeteer-controller.js:697:13)
    at async Binding.<anonymous> (/Users/liqiang/Documents/Life/03-AI/992-WeChat-Web-Batch/wechat-mp-video-uploader-browser/wechat-mp-puppeteer-controller.js:538:17)
    at async Binding.run (/Users/liqiang/Documents/Life/03-AI/992-WeChat-Web-Batch/wechat-mp-video-uploader-browser/node_modules/puppeteer-core/lib/cjs/puppeteer/cdp/Binding.js:132:32)
    at async #onBindingCalled (/Users/liqiang/Documents/Life/03-AI/992-WeChat-Web-Batch/wechat-mp-video-uploader-browser/node_modules/puppeteer-core/lib/cjs/puppeteer/cdp/Page.js:637:9)
----------------------------------------
[2025-10-03T09:52:28.882Z] 错误: 启动浏览器在3次尝试后仍然失败: The browser is already running for /Users/liqiang/Documents/Life/03-AI/992-WeChat-Web-Batch/wechat-mp-video-uploader-browser/user-data/account_1759390658192_0qrpb6sle. Use a different `userDataDir` or stop the running browser first.
堆栈跟踪: Error: 启动浏览器在3次尝试后仍然失败: The browser is already running for /Users/liqiang/Documents/Life/03-AI/992-WeChat-Web-Batch/wechat-mp-video-uploader-browser/user-data/account_1759390658192_0qrpb6sle. Use a different `userDataDir` or stop the running browser first.
    at withRetry (/Users/liqiang/Documents/Life/03-AI/992-WeChat-Web-Batch/wechat-mp-video-uploader-browser/wechat-mp-puppeteer-controller.js:434:11)
    at process.processTicksAndRejections (node:internal/process/task_queues:105:5)
    at async switchToAccount (/Users/liqiang/Documents/Life/03-AI/992-WeChat-Web-Batch/wechat-mp-video-uploader-browser/wechat-mp-puppeteer-controller.js:995:25)
    at async handleAction (/Users/liqiang/Documents/Life/03-AI/992-WeChat-Web-Batch/wechat-mp-video-uploader-browser/wechat-mp-puppeteer-controller.js:697:13)
    at async Binding.<anonymous> (/Users/liqiang/Documents/Life/03-AI/992-WeChat-Web-Batch/wechat-mp-video-uploader-browser/wechat-mp-puppeteer-controller.js:538:17)
    at async Binding.run (/Users/liqiang/Documents/Life/03-AI/992-WeChat-Web-Batch/wechat-mp-video-uploader-browser/node_modules/puppeteer-core/lib/cjs/puppeteer/cdp/Binding.js:132:32)
    at async #onBindingCalled (/Users/liqiang/Documents/Life/03-AI/992-WeChat-Web-Batch/wechat-mp-video-uploader-browser/node_modules/puppeteer-core/lib/cjs/puppeteer/cdp/Page.js:637:9)
----------------------------------------
[2025-10-03T09:52:30.541Z] 错误: 启动浏览器在3次尝试后仍然失败: The browser is already running for /Users/liqiang/Documents/Life/03-AI/992-WeChat-Web-Batch/wechat-mp-video-uploader-browser/user-data/account_1759390658192_0qrpb6sle. Use a different `userDataDir` or stop the running browser first.
堆栈跟踪: Error: 启动浏览器在3次尝试后仍然失败: The browser is already running for /Users/liqiang/Documents/Life/03-AI/992-WeChat-Web-Batch/wechat-mp-video-uploader-browser/user-data/account_1759390658192_0qrpb6sle. Use a different `userDataDir` or stop the running browser first.
    at withRetry (/Users/liqiang/Documents/Life/03-AI/992-WeChat-Web-Batch/wechat-mp-video-uploader-browser/wechat-mp-puppeteer-controller.js:434:11)
    at process.processTicksAndRejections (node:internal/process/task_queues:105:5)
    at async switchToAccount (/Users/liqiang/Documents/Life/03-AI/992-WeChat-Web-Batch/wechat-mp-video-uploader-browser/wechat-mp-puppeteer-controller.js:995:25)
    at async handleAction (/Users/liqiang/Documents/Life/03-AI/992-WeChat-Web-Batch/wechat-mp-video-uploader-browser/wechat-mp-puppeteer-controller.js:697:13)
    at async Binding.<anonymous> (/Users/liqiang/Documents/Life/03-AI/992-WeChat-Web-Batch/wechat-mp-video-uploader-browser/wechat-mp-puppeteer-controller.js:538:17)
    at async Binding.run (/Users/liqiang/Documents/Life/03-AI/992-WeChat-Web-Batch/wechat-mp-video-uploader-browser/node_modules/puppeteer-core/lib/cjs/puppeteer/cdp/Binding.js:132:32)
    at async #onBindingCalled (/Users/liqiang/Documents/Life/03-AI/992-WeChat-Web-Batch/wechat-mp-video-uploader-browser/node_modules/puppeteer-core/lib/cjs/puppeteer/cdp/Page.js:637:9)
----------------------------------------
[2025-10-03T09:52:55.720Z] 错误: net::ERR_NETWORK_CHANGED at https://mp.weixin.qq.com/
堆栈跟踪: Error: net::ERR_NETWORK_CHANGED at https://mp.weixin.qq.com/
    at navigate (/Users/liqiang/Documents/Life/03-AI/992-WeChat-Web-Batch/wechat-mp-video-uploader-browser/node_modules/puppeteer-core/lib/cjs/puppeteer/cdp/Frame.js:184:27)
    at async Deferred.race (/Users/liqiang/Documents/Life/03-AI/992-WeChat-Web-Batch/wechat-mp-video-uploader-browser/node_modules/puppeteer-core/lib/cjs/puppeteer/util/Deferred.js:36:20)
    at async CdpFrame.goto (/Users/liqiang/Documents/Life/03-AI/992-WeChat-Web-Batch/wechat-mp-video-uploader-browser/node_modules/puppeteer-core/lib/cjs/puppeteer/cdp/Frame.js:150:25)
    at async CdpPage.goto (/Users/liqiang/Documents/Life/03-AI/992-WeChat-Web-Batch/wechat-mp-video-uploader-browser/node_modules/puppeteer-core/lib/cjs/puppeteer/api/Page.js:574:20)
    at async switchToAccount (/Users/liqiang/Documents/Life/03-AI/992-WeChat-Web-Batch/wechat-mp-video-uploader-browser/wechat-mp-puppeteer-controller.js:1020:9)
    at async handleAction (/Users/liqiang/Documents/Life/03-AI/992-WeChat-Web-Batch/wechat-mp-video-uploader-browser/wechat-mp-puppeteer-controller.js:697:13)
    at async Binding.<anonymous> (/Users/liqiang/Documents/Life/03-AI/992-WeChat-Web-Batch/wechat-mp-video-uploader-browser/wechat-mp-puppeteer-controller.js:538:17)
    at async Binding.run (/Users/liqiang/Documents/Life/03-AI/992-WeChat-Web-Batch/wechat-mp-video-uploader-browser/node_modules/puppeteer-core/lib/cjs/puppeteer/cdp/Binding.js:132:32)
    at async #onBindingCalled (/Users/liqiang/Documents/Life/03-AI/992-WeChat-Web-Batch/wechat-mp-video-uploader-browser/node_modules/puppeteer-core/lib/cjs/puppeteer/cdp/Page.js:637:9)
----------------------------------------
[2025-10-03T10:09:04.123Z] 错误: 启动浏览器在3次尝试后仍然失败: The browser is already running for /Users/liqiang/Documents/Life/03-AI/992-WeChat-Web-Batch/wechat-mp-video-uploader-browser/user-data/account_1759390658192_0qrpb6sle. Use a different `userDataDir` or stop the running browser first.
堆栈跟踪: Error: 启动浏览器在3次尝试后仍然失败: The browser is already running for /Users/liqiang/Documents/Life/03-AI/992-WeChat-Web-Batch/wechat-mp-video-uploader-browser/user-data/account_1759390658192_0qrpb6sle. Use a different `userDataDir` or stop the running browser first.
    at withRetry (/Users/liqiang/Documents/Life/03-AI/992-WeChat-Web-Batch/wechat-mp-video-uploader-browser/wechat-mp-puppeteer-controller.js:432:11)
    at process.processTicksAndRejections (node:internal/process/task_queues:105:5)
    at async switchToAccount (/Users/liqiang/Documents/Life/03-AI/992-WeChat-Web-Batch/wechat-mp-video-uploader-browser/wechat-mp-puppeteer-controller.js:993:25)
    at async handleAction (/Users/liqiang/Documents/Life/03-AI/992-WeChat-Web-Batch/wechat-mp-video-uploader-browser/wechat-mp-puppeteer-controller.js:695:13)
    at async Binding.<anonymous> (/Users/liqiang/Documents/Life/03-AI/992-WeChat-Web-Batch/wechat-mp-video-uploader-browser/wechat-mp-puppeteer-controller.js:536:17)
    at async Binding.run (/Users/liqiang/Documents/Life/03-AI/992-WeChat-Web-Batch/wechat-mp-video-uploader-browser/node_modules/puppeteer-core/lib/cjs/puppeteer/cdp/Binding.js:132:32)
    at async #onBindingCalled (/Users/liqiang/Documents/Life/03-AI/992-WeChat-Web-Batch/wechat-mp-video-uploader-browser/node_modules/puppeteer-core/lib/cjs/puppeteer/cdp/Page.js:637:9)
----------------------------------------
[2025-10-04T08:45:02.139Z] 错误: 启动浏览器在3次尝试后仍然失败: The browser is already running for /Users/liqiang/Documents/Life/03-AI/992-WeChat-Web-Batch/wechat-mp-video-uploader-browser/user-data/account_1759390658192_0qrpb6sle. Use a different `userDataDir` or stop the running browser first.
堆栈跟踪: Error: 启动浏览器在3次尝试后仍然失败: The browser is already running for /Users/liqiang/Documents/Life/03-AI/992-WeChat-Web-Batch/wechat-mp-video-uploader-browser/user-data/account_1759390658192_0qrpb6sle. Use a different `userDataDir` or stop the running browser first.
    at withRetry (/Users/liqiang/Documents/Life/03-AI/992-WeChat-Web-Batch/wechat-mp-video-uploader-browser/wechat-mp-puppeteer-controller.js:432:11)
    at process.processTicksAndRejections (node:internal/process/task_queues:105:5)
    at async switchToAccount (/Users/liqiang/Documents/Life/03-AI/992-WeChat-Web-Batch/wechat-mp-video-uploader-browser/wechat-mp-puppeteer-controller.js:993:25)
    at async handleAction (/Users/liqiang/Documents/Life/03-AI/992-WeChat-Web-Batch/wechat-mp-video-uploader-browser/wechat-mp-puppeteer-controller.js:695:13)
    at async Binding.<anonymous> (/Users/liqiang/Documents/Life/03-AI/992-WeChat-Web-Batch/wechat-mp-video-uploader-browser/wechat-mp-puppeteer-controller.js:536:17)
    at async Binding.run (/Users/liqiang/Documents/Life/03-AI/992-WeChat-Web-Batch/wechat-mp-video-uploader-browser/node_modules/puppeteer-core/lib/cjs/puppeteer/cdp/Binding.js:132:32)
    at async #onBindingCalled (/Users/liqiang/Documents/Life/03-AI/992-WeChat-Web-Batch/wechat-mp-video-uploader-browser/node_modules/puppeteer-core/lib/cjs/puppeteer/cdp/Page.js:637:9)
----------------------------------------
